<?xml version="1.0" encoding="UTF-8"?>
<!-- Generated by org.testng.reporters.JUnitReportReporter -->
<testsuite hostname="RAYAN" failures="0" tests="1" name="Doll_TestRunner.Doll_TestRunner" time="22.569" errors="0" timestamp="2023-10-08T01:31:40 EDT" skipped="0">
  <testcase classname="Doll_TestRunner.Doll_TestRunner" name="feature" time="22.569"/>
</testsuite> <!-- Doll_TestRunner.Doll_TestRunner -->
